<?xml version="1.0" encoding="UTF-8"?>
<!-- Generated by org.testng.reporters.JUnitReportReporter -->
<testsuite hostname="DESKTOP-TF745PI" failures="0" tests="1" name="exercise_2.Test_02" time="81.051" errors="0" timestamp="2021-10-20T21:06:17 ICT" skipped="0">
  <testcase classname="exercise_2.Test_02" name="test" time="81.051"/>
  <system-out/>
</testsuite> <!-- exercise_2.Test_02 -->
