<?xml version="1.0" encoding="UTF-8"?>
<!-- Generated by org.testng.reporters.JUnitReportReporter -->
<testsuite hostname="DESKTOP-TF745PI" failures="0" tests="1" name="exercise_1.Test_01" time="61.823" errors="0" timestamp="2021-10-20T20:40:49 ICT" skipped="0">
  <testcase classname="exercise_1.Test_01" name="test" time="61.823"/>
  <system-out/>
</testsuite> <!-- exercise_1.Test_01 -->
