<?xml version="1.0" encoding="UTF-8"?>
<!-- Generated by org.testng.reporters.JUnitReportReporter -->
<testsuite hostname="DESKTOP-TF745PI" failures="0" tests="2" name="exercise_4.TestNGGrouping" time="0.015" errors="0" timestamp="2021-09-28T22:50:58 ICT" skipped="0">
  <testcase classname="exercise_4.TestNGGrouping" name="firstTest" time="0.015"/>
  <system-out/>
  <testcase classname="exercise_4.TestNGGrouping" name="secondTest" time="0.000"/>
  <system-out/>
</testsuite> <!-- exercise_4.TestNGGrouping -->
