<?xml version="1.0" encoding="UTF-8"?>
<!-- Generated by org.testng.reporters.JUnitReportReporter -->
<testsuite hostname="DESKTOP-TF745PI" failures="0" tests="1" name="exercise_3.DataProvider" time="0.000" errors="0" timestamp="2021-09-28T20:54:39 ICT" skipped="1">
  <testcase classname="exercise_3.DataProvider" name="testDataProviderWithJson" time="0.000">
    <skipped/>
  </testcase> <!-- testDataProviderWithJson -->
  <system-out/>
</testsuite> <!-- exercise_3.DataProvider -->
