<?xml version="1.0" encoding="UTF-8"?>
<!-- Generated by org.testng.reporters.JUnitReportReporter -->
<testsuite hostname="DESKTOP-TF745PI" failures="0" tests="7" name="exercise_3.DataProviders" time="0.091" errors="0" timestamp="2021-09-28T22:57:23 ICT" skipped="0">
  <testcase classname="exercise_3.DataProviders" name="testDataProviderWithJson" time="0.021"/>
  <system-out/>
  <testcase classname="exercise_3.DataProviders" name="testDataProviderWithJson" time="0.004"/>
  <system-out/>
  <testcase classname="exercise_3.DataProviders" name="testDataProviderWithJson" time="0.003"/>
  <system-out/>
  <testcase classname="exercise_3.DataProviders" name="testDataProviderWithJson" time="0.002"/>
  <system-out/>
  <testcase classname="exercise_3.DataProviders" name="testDataProviderWithJson" time="0.004"/>
  <system-out/>
  <testcase classname="exercise_3.DataProviders" name="testDataProviderWithJson" time="0.003"/>
  <system-out/>
  <testcase classname="exercise_3.DataProviders" name="testDataProviderWithJson" time="0.054"/>
  <system-out/>
</testsuite> <!-- exercise_3.DataProviders -->
