<?xml version="1.0" encoding="UTF-8"?>
<!-- Generated by org.testng.reporters.JUnitReportReporter -->
<testsuite hostname="DESKTOP-TF745PI" failures="0" tests="2" name="exercise_1.TestNG_annotations" time="0.016" errors="0" timestamp="2021-09-28T22:50:07 ICT" skipped="0">
  <testcase classname="exercise_1.TestNG_annotations" name="testCase1" time="0.016"/>
  <system-out/>
  <testcase classname="exercise_1.TestNG_annotations" name="testCase2" time="0.000"/>
  <system-out/>
</testsuite> <!-- exercise_1.TestNG_annotations -->
