<?xml version="1.0" encoding="UTF-8"?>
<!-- Generated by org.testng.reporters.JUnitReportReporter -->
<testsuite hostname="DESKTOP-TF745PI" failures="0" tests="1" name="exercise_2.CheckPassFail" time="0.016" errors="0" timestamp="2021-09-28T22:50:49 ICT" skipped="0">
  <testcase classname="exercise_2.CheckPassFail" name="parameterTest" time="0.016"/>
  <system-out/>
</testsuite> <!-- exercise_2.CheckPassFail -->
