<?xml version="1.0" encoding="UTF-8"?>
<!-- Generated by org.testng.reporters.JUnitReportReporter -->
<testsuite hostname="DESKTOP-TF745PI" failures="0" tests="1" name="exercise_4.Test_04" time="56.400" errors="0" timestamp="2021-10-20T14:50:58 ICT" skipped="0">
  <testcase classname="exercise_4.Test_04" name="test" time="56.400"/>
  <system-out/>
</testsuite> <!-- exercise_4.Test_04 -->
