<?xml version="1.0" encoding="UTF-8"?>
<!-- Generated by org.testng.reporters.JUnitReportReporter -->
<testsuite hostname="DESKTOP-TF745PI" failures="0" tests="1" name="exercise_1.Test_01" time="53.122" errors="0" timestamp="2021-10-20T15:20:17 ICT" skipped="0">
  <testcase classname="exercise_1.Test_01" name="test" time="53.122"/>
  <system-out/>
</testsuite> <!-- exercise_1.Test_01 -->
