<?xml version="1.0" encoding="UTF-8"?>
<!-- Generated by org.testng.reporters.JUnitReportReporter -->
<testsuite hostname="DESKTOP-TF745PI" failures="0" tests="1" name="exercise_3.CheckContact" time="24.995" errors="0" timestamp="2021-10-11T16:47:26 ICT" skipped="0">
  <testcase classname="exercise_3.CheckContact" name="testGooglePageTitleInChrome" time="24.995"/>
  <system-out/>
</testsuite> <!-- exercise_3.CheckContact -->
