<?xml version="1.0" encoding="UTF-8"?>
<!-- Generated by org.testng.reporters.JUnitReportReporter -->
<testsuite hostname="DESKTOP-TF745PI" failures="0" tests="2" name="exercise_1.TestParallel" time="7.074" errors="0" timestamp="2021-10-06T23:07:20 ICT" skipped="0">
  <testcase classname="exercise_1.TestParallel" name="test" time="3.256"/>
  <system-out/>
  <testcase classname="exercise_1.TestParallel" name="test" time="3.818"/>
  <system-out/>
</testsuite> <!-- exercise_1.TestParallel -->
