<?xml version="1.0" encoding="UTF-8"?>
<!-- Generated by org.testng.reporters.JUnitReportReporter -->
<testsuite hostname="DESKTOP-TF745PI" failures="0" tests="2" name="exercise_1.BaseTest" time="6.984" errors="0" timestamp="2021-10-06T23:05:24 ICT" skipped="0">
  <testcase classname="exercise_1.BaseTest" name="test" time="3.819"/>
  <system-out/>
  <testcase classname="exercise_1.BaseTest" name="test" time="3.165"/>
  <system-out/>
</testsuite> <!-- exercise_1.BaseTest -->
