<?xml version="1.0" encoding="UTF-8"?>
<!-- Generated by org.testng.reporters.JUnitReportReporter -->
<testsuite hostname="DESKTOP-TF745PI" failures="0" tests="2" name="exercise_2.TestPhanTomJS" time="2.837" errors="0" timestamp="2021-10-06T23:09:02 ICT" skipped="0">
  <testcase classname="exercise_2.TestPhanTomJS" name="testGooglePageTitleInChrome" time="1.195"/>
  <system-out/>
  <testcase classname="exercise_2.TestPhanTomJS" name="testSearchGoogle" time="1.642"/>
  <system-out/>
</testsuite> <!-- exercise_2.TestPhanTomJS -->
