<?xml version="1.0" encoding="UTF-8"?>
<!-- Generated by org.testng.reporters.JUnitReportReporter -->
<testsuite hostname="DESKTOP-TF745PI" failures="0" tests="1" name="exercise_2.test.Tesst02" time="65.527" errors="0" timestamp="2021-10-22T21:19:35 ICT" skipped="0">
  <testcase classname="exercise_2.test.Tesst02" name="test" time="65.527"/>
  <system-out/>
</testsuite> <!-- exercise_2.test.Tesst02 -->
