<?xml version="1.0" encoding="UTF-8"?>
<!-- Generated by org.testng.reporters.JUnitReportReporter -->
<testsuite hostname="DESKTOP-TF745PI" failures="0" tests="1" name="exercise_1.test.Tesst01" time="56.570" errors="0" timestamp="2021-10-22T17:14:37 ICT" skipped="0">
  <testcase classname="exercise_1.test.Tesst01" name="test" time="56.570"/>
  <system-out/>
</testsuite> <!-- exercise_1.test.Tesst01 -->
