<?xml version="1.0" encoding="UTF-8"?>
<!-- Generated by org.testng.reporters.JUnitReportReporter -->
<testsuite hostname="DESKTOP-TF745PI" failures="0" tests="1" name="exercise_1.test.RunTest" time="89.712" errors="0" timestamp="2021-10-23T08:58:12 ICT" skipped="0">
  <testcase classname="exercise_1.test.RunTest" name="runScenario" time="89.712"/>
  <system-out/>
</testsuite> <!-- exercise_1.test.RunTest -->
