<?xml version="1.0" encoding="UTF-8"?>
<!-- Generated by org.testng.reporters.JUnitReportReporter -->
<testsuite hostname="DESKTOP-TF745PI" failures="0" tests="1" name="exercise_1.test.RunTest01" time="70.004" errors="0" timestamp="2021-10-25T07:47:12 ICT" skipped="0">
  <testcase classname="exercise_1.test.RunTest01" name="runScenario" time="70.004"/>
  <system-out/>
</testsuite> <!-- exercise_1.test.RunTest01 -->
