<?xml version="1.0" encoding="UTF-8"?>
<!-- Generated by org.testng.reporters.JUnitReportReporter -->
<testsuite hostname="DESKTOP-TF745PI" failures="0" tests="2" name="exercise_3.Test_03" time="35.350" errors="1" timestamp="2021-10-18T22:35:45 ICT" skipped="1">
  <testcase classname="exercise_3.Test_03" name="setUp" time="35.350">
    <error message="Unable to create a new remote session. Please check the server log for more details. Original error: An unknown server-side error occurred while processing the command. Original error: Cannot start the &#039;com.shopstyle&#039; application. Visit https://github.com/appium/appium/blob/master/docs/en/writing-running-appium/android/activity-startup.md for troubleshooting. Original error: Error executing adbExec. Original error: &#039;Command &#039;C:\\Users\\thaoc\\AppData\\Local\\Android\\Sdk\\platform-tools\\adb.exe -P 5037 -s emulator-5554 shell am start -W -n com.shopstyle/com.shopstyle.activity.OnBoardingActivity -S&#039; exited with code 255&#039;; Stderr: &#039;Security exception: Permission Denial: starting Intent { flg=0x10000000 cmp=com.shopstyle/.activity.OnBoardingActivity } from null (pid=26393, uid=2000) not exported from uid 10087

java.lang.SecurityException: Permission Denial: starting Intent { flg=0x10000000 cmp=com.shopstyle/.activity.OnBoardingActivity } from null (pid=26393, uid=2000) not exported from uid 10087
	at com.android.server.am.ActivityStackSupervisor.checkStartAnyActivityPermission(ActivityStackSupervisor.java:1788)
	at com.android.server.am.ActivityStarter.startActivity(ActivityStarter.java:717)
	at com.android.server.am.ActivityStarter.startActivity(ActivityStarter.java:544)
	at com.android.server.am.ActivityStarter.startActivityMayWait(ActivityStarter.java:1099)
	at com.android.server.am.ActivityStarter.execute(ActivityStarter.java:486)
	at com.android.server.am.ActivityManagerService.startActivityAndWait(ActivityManagerService.java:5234)
	at com.android.server.am.ActivityManagerShellCommand.runStartActivity(ActivityManagerShellCommand.java:474)
	at com.android.server.am.ActivityManagerShellCommand.onCommand(ActivityManagerShellCommand.java:161)
	at android.os.ShellCommand.exec(ShellCommand.java:103)
	at com.android.server.am.ActivityManagerService.onShellCommand(ActivityManagerService.java:16012)
	at android.os.Binder.shellCommand(Binder.java:634)
	at android.os.Binder.onTransact(Binder.java:532)
	at android.app.IActivityManager$Stub.onTransact(IActivityManager.java:3592)
	at com.android.server.am.ActivityManagerService.onTransact(ActivityManagerService.java:3291)
	at android.os.Binder.execTransact(Binder.java:731)&#039;; Code: &#039;255&#039;
Build info: version: &#039;3.141.59&#039;, revision: &#039;e82be7d358&#039;, time: &#039;2018-11-14T08:17:03&#039;
System info: host: &#039;DESKTOP-TF745PI&#039;, ip: &#039;192.168.0.4&#039;, os.name: &#039;Windows 10&#039;, os.arch: &#039;amd64&#039;, os.version: &#039;10.0&#039;, java.version: &#039;11.0.8&#039;
Driver info: driver.version: AndroidDriver
remote stacktrace: UnknownError: An unknown server-side error occurred while processing the command. Original error: Cannot start the &#039;com.shopstyle&#039; application. Visit https://github.com/appium/appium/blob/master/docs/en/writing-running-appium/android/activity-startup.md for troubleshooting. Original error: Error executing adbExec. Original error: &#039;Command &#039;C:\\Users\\thaoc\\AppData\\Local\\Android\\Sdk\\platform-tools\\adb.exe -P 5037 -s emulator-5554 shell am start -W -n com.shopstyle/com.shopstyle.activity.OnBoardingActivity -S&#039; exited with code 255&#039;; Stderr: &#039;Security exception: Permission Denial: starting Intent { flg=0x10000000 cmp=com.shopstyle/.activity.OnBoardingActivity } from null (pid=26393, uid=2000) not exported from uid 10087

java.lang.SecurityException: Permission Denial: starting Intent { flg=0x10000000 cmp=com.shopstyle/.activity.OnBoardingActivity } from null (pid=26393, uid=2000) not exported from uid 10087
	at com.android.server.am.ActivityStackSupervisor.checkStartAnyActivityPermission(ActivityStackSupervisor.java:1788)
	at com.android.server.am.ActivityStarter.startActivity(ActivityStarter.java:717)
	at com.android.server.am.ActivityStarter.startActivity(ActivityStarter.java:544)
	at com.android.server.am.ActivityStarter.startActivityMayWait(ActivityStarter.java:1099)
	at com.android.server.am.ActivityStarter.execute(ActivityStarter.java:486)
	at com.android.server.am.ActivityManagerService.startActivityAndWait(ActivityManagerService.java:5234)
	at com.android.server.am.ActivityManagerShellCommand.runStartActivity(ActivityManagerShellCommand.java:474)
	at com.android.server.am.ActivityManagerShellCommand.onCommand(ActivityManagerShellCommand.java:161)
	at android.os.ShellCommand.exec(ShellCommand.java:103)
	at com.android.server.am.ActivityManagerService.onShellCommand(ActivityManagerService.java:16012)
	at android.os.Binder.shellCommand(Binder.java:634)
	at android.os.Binder.onTransact(Binder.java:532)
	at android.app.IActivityManager$Stub.onTransact(IActivityManager.java:3592)
	at com.android.server.am.ActivityManagerService.onTransact(ActivityManagerService.java:3291)
	at android.os.Binder.execTransact(Binder.java:731)&#039;; Code: &#039;255&#039;
    at getResponseForW3CError (C:\Program Files\Appium\resources\app\node_modules\appium\node_modules\appium-base-driver\lib\protocol\errors.js:804:9)
    at asyncHandler (C:\Program Files\Appium\resources\app\node_modules\appium\node_modules\appium-base-driver\lib\protocol\protocol.js:392:37)
Build info: version: &#039;3.141.59&#039;, revision: &#039;e82be7d358&#039;, time: &#039;2018-11-14T08:17:03&#039;
System info: host: &#039;DESKTOP-TF745PI&#039;, ip: &#039;192.168.0.4&#039;, os.name: &#039;Windows 10&#039;, os.arch: &#039;amd64&#039;, os.version: &#039;10.0&#039;, java.version: &#039;11.0.8&#039;
Driver info: driver.version: AndroidDriver" type="org.openqa.selenium.SessionNotCreatedException">
      <![CDATA[org.openqa.selenium.SessionNotCreatedException: Unable to create a new remote session. Please check the server log for more details. Original error: An unknown server-side error occurred while processing the command. Original error: Cannot start the 'com.shopstyle' application. Visit https://github.com/appium/appium/blob/master/docs/en/writing-running-appium/android/activity-startup.md for troubleshooting. Original error: Error executing adbExec. Original error: 'Command 'C:\\Users\\thaoc\\AppData\\Local\\Android\\Sdk\\platform-tools\\adb.exe -P 5037 -s emulator-5554 shell am start -W -n com.shopstyle/com.shopstyle.activity.OnBoardingActivity -S' exited with code 255'; Stderr: 'Security exception: Permission Denial: starting Intent { flg=0x10000000 cmp=com.shopstyle/.activity.OnBoardingActivity } from null (pid=26393, uid=2000) not exported from uid 10087

java.lang.SecurityException: Permission Denial: starting Intent { flg=0x10000000 cmp=com.shopstyle/.activity.OnBoardingActivity } from null (pid=26393, uid=2000) not exported from uid 10087
at com.android.server.am.ActivityStackSupervisor.checkStartAnyActivityPermission(ActivityStackSupervisor.java:1788)
at com.android.server.am.ActivityStarter.startActivity(ActivityStarter.java:717)
at com.android.server.am.ActivityStarter.startActivity(ActivityStarter.java:544)
at com.android.server.am.ActivityStarter.startActivityMayWait(ActivityStarter.java:1099)
at com.android.server.am.ActivityStarter.execute(ActivityStarter.java:486)
at com.android.server.am.ActivityManagerService.startActivityAndWait(ActivityManagerService.java:5234)
at com.android.server.am.ActivityManagerShellCommand.runStartActivity(ActivityManagerShellCommand.java:474)
at com.android.server.am.ActivityManagerShellCommand.onCommand(ActivityManagerShellCommand.java:161)
at android.os.ShellCommand.exec(ShellCommand.java:103)
at com.android.server.am.ActivityManagerService.onShellCommand(ActivityManagerService.java:16012)
at android.os.Binder.shellCommand(Binder.java:634)
at android.os.Binder.onTransact(Binder.java:532)
at android.app.IActivityManager$Stub.onTransact(IActivityManager.java:3592)
at com.android.server.am.ActivityManagerService.onTransact(ActivityManagerService.java:3291)
at android.os.Binder.execTransact(Binder.java:731)'; Code: '255'
Build info: version: '3.141.59', revision: 'e82be7d358', time: '2018-11-14T08:17:03'
System info: host: 'DESKTOP-TF745PI', ip: '192.168.0.4', os.name: 'Windows 10', os.arch: 'amd64', os.version: '10.0', java.version: '11.0.8'
Driver info: driver.version: AndroidDriver
remote stacktrace: UnknownError: An unknown server-side error occurred while processing the command. Original error: Cannot start the 'com.shopstyle' application. Visit https://github.com/appium/appium/blob/master/docs/en/writing-running-appium/android/activity-startup.md for troubleshooting. Original error: Error executing adbExec. Original error: 'Command 'C:\\Users\\thaoc\\AppData\\Local\\Android\\Sdk\\platform-tools\\adb.exe -P 5037 -s emulator-5554 shell am start -W -n com.shopstyle/com.shopstyle.activity.OnBoardingActivity -S' exited with code 255'; Stderr: 'Security exception: Permission Denial: starting Intent { flg=0x10000000 cmp=com.shopstyle/.activity.OnBoardingActivity } from null (pid=26393, uid=2000) not exported from uid 10087

java.lang.SecurityException: Permission Denial: starting Intent { flg=0x10000000 cmp=com.shopstyle/.activity.OnBoardingActivity } from null (pid=26393, uid=2000) not exported from uid 10087
at com.android.server.am.ActivityStackSupervisor.checkStartAnyActivityPermission(ActivityStackSupervisor.java:1788)
at com.android.server.am.ActivityStarter.startActivity(ActivityStarter.java:717)
at com.android.server.am.ActivityStarter.startActivity(ActivityStarter.java:544)
at com.android.server.am.ActivityStarter.startActivityMayWait(ActivityStarter.java:1099)
at com.android.server.am.ActivityStarter.execute(ActivityStarter.java:486)
at com.android.server.am.ActivityManagerService.startActivityAndWait(ActivityManagerService.java:5234)
at com.android.server.am.ActivityManagerShellCommand.runStartActivity(ActivityManagerShellCommand.java:474)
at com.android.server.am.ActivityManagerShellCommand.onCommand(ActivityManagerShellCommand.java:161)
at android.os.ShellCommand.exec(ShellCommand.java:103)
at com.android.server.am.ActivityManagerService.onShellCommand(ActivityManagerService.java:16012)
at android.os.Binder.shellCommand(Binder.java:634)
at android.os.Binder.onTransact(Binder.java:532)
at android.app.IActivityManager$Stub.onTransact(IActivityManager.java:3592)
at com.android.server.am.ActivityManagerService.onTransact(ActivityManagerService.java:3291)
at android.os.Binder.execTransact(Binder.java:731)'; Code: '255'
    at getResponseForW3CError (C:\Program Files\Appium\resources\app\node_modules\appium\node_modules\appium-base-driver\lib\protocol\errors.js:804:9)
    at asyncHandler (C:\Program Files\Appium\resources\app\node_modules\appium\node_modules\appium-base-driver\lib\protocol\protocol.js:392:37)
Build info: version: '3.141.59', revision: 'e82be7d358', time: '2018-11-14T08:17:03'
System info: host: 'DESKTOP-TF745PI', ip: '192.168.0.4', os.name: 'Windows 10', os.arch: 'amd64', os.version: '10.0', java.version: '11.0.8'
Driver info: driver.version: AndroidDriver
at io.appium.java_client.remote.AppiumCommandExecutor$1.createSession(AppiumCommandExecutor.java:208)
at io.appium.java_client.remote.AppiumCommandExecutor.createSession(AppiumCommandExecutor.java:217)
at io.appium.java_client.remote.AppiumCommandExecutor.execute(AppiumCommandExecutor.java:239)
at org.openqa.selenium.remote.RemoteWebDriver.execute(RemoteWebDriver.java:552)
at io.appium.java_client.DefaultGenericMobileDriver.execute(DefaultGenericMobileDriver.java:41)
at io.appium.java_client.AppiumDriver.execute(AppiumDriver.java:1)
at io.appium.java_client.android.AndroidDriver.execute(AndroidDriver.java:1)
at org.openqa.selenium.remote.RemoteWebDriver.startSession(RemoteWebDriver.java:213)
at io.appium.java_client.AppiumDriver.startSession(AppiumDriver.java:336)
at org.openqa.selenium.remote.RemoteWebDriver.<init>(RemoteWebDriver.java:131)
at io.appium.java_client.DefaultGenericMobileDriver.<init>(DefaultGenericMobileDriver.java:37)
at io.appium.java_client.AppiumDriver.<init>(AppiumDriver.java:88)
at io.appium.java_client.AppiumDriver.<init>(AppiumDriver.java:98)
at io.appium.java_client.android.AndroidDriver.<init>(AndroidDriver.java:94)
at exercise_3.Test_03.setUp(Test_03.java:34)
at java.base/jdk.internal.reflect.NativeMethodAccessorImpl.invoke0(Native Method)
at java.base/jdk.internal.reflect.NativeMethodAccessorImpl.invoke(NativeMethodAccessorImpl.java:62)
at java.base/jdk.internal.reflect.DelegatingMethodAccessorImpl.invoke(DelegatingMethodAccessorImpl.java:43)
at java.base/java.lang.reflect.Method.invoke(Method.java:566)
at org.testng.internal.MethodInvocationHelper.invokeMethod(MethodInvocationHelper.java:133)
at org.testng.internal.MethodInvocationHelper.invokeMethodConsideringTimeout(MethodInvocationHelper.java:62)
at org.testng.internal.ConfigInvoker.invokeConfigurationMethod(ConfigInvoker.java:385)
at org.testng.internal.ConfigInvoker.invokeConfigurations(ConfigInvoker.java:321)
at org.testng.internal.TestMethodWorker.invokeBeforeClassMethods(TestMethodWorker.java:176)
at org.testng.internal.TestMethodWorker.run(TestMethodWorker.java:122)
at java.base/java.util.ArrayList.forEach(ArrayList.java:1541)
at org.testng.TestRunner.privateRun(TestRunner.java:794)
at org.testng.TestRunner.run(TestRunner.java:596)
at org.testng.SuiteRunner.runTest(SuiteRunner.java:377)
at org.testng.SuiteRunner.runSequentially(SuiteRunner.java:371)
at org.testng.SuiteRunner.privateRun(SuiteRunner.java:332)
at org.testng.SuiteRunner.run(SuiteRunner.java:276)
at org.testng.SuiteRunnerWorker.runSuite(SuiteRunnerWorker.java:53)
at org.testng.SuiteRunnerWorker.run(SuiteRunnerWorker.java:96)
at org.testng.TestNG.runSuitesSequentially(TestNG.java:1212)
at org.testng.TestNG.runSuitesLocally(TestNG.java:1134)
at org.testng.TestNG.runSuites(TestNG.java:1063)
at org.testng.TestNG.run(TestNG.java:1031)
at org.testng.remote.AbstractRemoteTestNG.run(AbstractRemoteTestNG.java:115)
at org.testng.remote.RemoteTestNG.initAndRun(RemoteTestNG.java:251)
at org.testng.remote.RemoteTestNG.main(RemoteTestNG.java:77)
Caused by: java.lang.reflect.InvocationTargetException
at java.base/jdk.internal.reflect.NativeMethodAccessorImpl.invoke0(Native Method)
at java.base/jdk.internal.reflect.NativeMethodAccessorImpl.invoke(NativeMethodAccessorImpl.java:62)
at java.base/jdk.internal.reflect.DelegatingMethodAccessorImpl.invoke(DelegatingMethodAccessorImpl.java:43)
at java.base/java.lang.reflect.Method.invoke(Method.java:566)
at io.appium.java_client.remote.AppiumCommandExecutor$1.createSession(AppiumCommandExecutor.java:186)
... 40 more
Caused by: org.openqa.selenium.WebDriverException: An unknown server-side error occurred while processing the command. Original error: Cannot start the 'com.shopstyle' application. Visit https://github.com/appium/appium/blob/master/docs/en/writing-running-appium/android/activity-startup.md for troubleshooting. Original error: Error executing adbExec. Original error: 'Command 'C:\\Users\\thaoc\\AppData\\Local\\Android\\Sdk\\platform-tools\\adb.exe -P 5037 -s emulator-5554 shell am start -W -n com.shopstyle/com.shopstyle.activity.OnBoardingActivity -S' exited with code 255'; Stderr: 'Security exception: Permission Denial: starting Intent { flg=0x10000000 cmp=com.shopstyle/.activity.OnBoardingActivity } from null (pid=26393, uid=2000) not exported from uid 10087

java.lang.SecurityException: Permission Denial: starting Intent { flg=0x10000000 cmp=com.shopstyle/.activity.OnBoardingActivity } from null (pid=26393, uid=2000) not exported from uid 10087
at com.android.server.am.ActivityStackSupervisor.checkStartAnyActivityPermission(ActivityStackSupervisor.java:1788)
at com.android.server.am.ActivityStarter.startActivity(ActivityStarter.java:717)
at com.android.server.am.ActivityStarter.startActivity(ActivityStarter.java:544)
at com.android.server.am.ActivityStarter.startActivityMayWait(ActivityStarter.java:1099)
at com.android.server.am.ActivityStarter.execute(ActivityStarter.java:486)
at com.android.server.am.ActivityManagerService.startActivityAndWait(ActivityManagerService.java:5234)
at com.android.server.am.ActivityManagerShellCommand.runStartActivity(ActivityManagerShellCommand.java:474)
at com.android.server.am.ActivityManagerShellCommand.onCommand(ActivityManagerShellCommand.java:161)
at android.os.ShellCommand.exec(ShellCommand.java:103)
at com.android.server.am.ActivityManagerService.onShellCommand(ActivityManagerService.java:16012)
at android.os.Binder.shellCommand(Binder.java:634)
at android.os.Binder.onTransact(Binder.java:532)
at android.app.IActivityManager$Stub.onTransact(IActivityManager.java:3592)
at com.android.server.am.ActivityManagerService.onTransact(ActivityManagerService.java:3291)
at android.os.Binder.execTransact(Binder.java:731)'; Code: '255'
Build info: version: '3.141.59', revision: 'e82be7d358', time: '2018-11-14T08:17:03'
System info: host: 'DESKTOP-TF745PI', ip: '192.168.0.4', os.name: 'Windows 10', os.arch: 'amd64', os.version: '10.0', java.version: '11.0.8'
Driver info: driver.version: AndroidDriver
remote stacktrace: UnknownError: An unknown server-side error occurred while processing the command. Original error: Cannot start the 'com.shopstyle' application. Visit https://github.com/appium/appium/blob/master/docs/en/writing-running-appium/android/activity-startup.md for troubleshooting. Original error: Error executing adbExec. Original error: 'Command 'C:\\Users\\thaoc\\AppData\\Local\\Android\\Sdk\\platform-tools\\adb.exe -P 5037 -s emulator-5554 shell am start -W -n com.shopstyle/com.shopstyle.activity.OnBoardingActivity -S' exited with code 255'; Stderr: 'Security exception: Permission Denial: starting Intent { flg=0x10000000 cmp=com.shopstyle/.activity.OnBoardingActivity } from null (pid=26393, uid=2000) not exported from uid 10087

java.lang.SecurityException: Permission Denial: starting Intent { flg=0x10000000 cmp=com.shopstyle/.activity.OnBoardingActivity } from null (pid=26393, uid=2000) not exported from uid 10087
at com.android.server.am.ActivityStackSupervisor.checkStartAnyActivityPermission(ActivityStackSupervisor.java:1788)
at com.android.server.am.ActivityStarter.startActivity(ActivityStarter.java:717)
at com.android.server.am.ActivityStarter.startActivity(ActivityStarter.java:544)
at com.android.server.am.ActivityStarter.startActivityMayWait(ActivityStarter.java:1099)
at com.android.server.am.ActivityStarter.execute(ActivityStarter.java:486)
at com.android.server.am.ActivityManagerService.startActivityAndWait(ActivityManagerService.java:5234)
at com.android.server.am.ActivityManagerShellCommand.runStartActivity(ActivityManagerShellCommand.java:474)
at com.android.server.am.ActivityManagerShellCommand.onCommand(ActivityManagerShellCommand.java:161)
at android.os.ShellCommand.exec(ShellCommand.java:103)
at com.android.server.am.ActivityManagerService.onShellCommand(ActivityManagerService.java:16012)
at android.os.Binder.shellCommand(Binder.java:634)
at android.os.Binder.onTransact(Binder.java:532)
at android.app.IActivityManager$Stub.onTransact(IActivityManager.java:3592)
at com.android.server.am.ActivityManagerService.onTransact(ActivityManagerService.java:3291)
at android.os.Binder.execTransact(Binder.java:731)'; Code: '255'
    at getResponseForW3CError (C:\Program Files\Appium\resources\app\node_modules\appium\node_modules\appium-base-driver\lib\protocol\errors.js:804:9)
    at asyncHandler (C:\Program Files\Appium\resources\app\node_modules\appium\node_modules\appium-base-driver\lib\protocol\protocol.js:392:37)
at java.base/jdk.internal.reflect.NativeConstructorAccessorImpl.newInstance0(Native Method)
at java.base/jdk.internal.reflect.NativeConstructorAccessorImpl.newInstance(NativeConstructorAccessorImpl.java:62)
at java.base/jdk.internal.reflect.DelegatingConstructorAccessorImpl.newInstance(DelegatingConstructorAccessorImpl.java:45)
at java.base/java.lang.reflect.Constructor.newInstance(Constructor.java:490)
at org.openqa.selenium.remote.W3CHandshakeResponse.lambda$errorHandler$0(W3CHandshakeResponse.java:62)
at org.openqa.selenium.remote.HandshakeResponse.lambda$getResponseFunction$0(HandshakeResponse.java:30)
at org.openqa.selenium.remote.ProtocolHandshake.lambda$createSession$0(ProtocolHandshake.java:126)
at java.base/java.util.stream.ReferencePipeline$3$1.accept(ReferencePipeline.java:195)
at java.base/java.util.Spliterators$ArraySpliterator.tryAdvance(Spliterators.java:958)
at java.base/java.util.stream.ReferencePipeline.forEachWithCancel(ReferencePipeline.java:127)
at java.base/java.util.stream.AbstractPipeline.copyIntoWithCancel(AbstractPipeline.java:502)
at java.base/java.util.stream.AbstractPipeline.copyInto(AbstractPipeline.java:488)
at java.base/java.util.stream.AbstractPipeline.wrapAndCopyInto(AbstractPipeline.java:474)
at java.base/java.util.stream.FindOps$FindOp.evaluateSequential(FindOps.java:150)
at java.base/java.util.stream.AbstractPipeline.evaluate(AbstractPipeline.java:234)
at java.base/java.util.stream.ReferencePipeline.findFirst(ReferencePipeline.java:543)
at org.openqa.selenium.remote.ProtocolHandshake.createSession(ProtocolHandshake.java:128)
... 45 more
]]>
    </error>
  </testcase> <!-- setUp -->
  <system-out/>
  <testcase classname="exercise_3.Test_03" name="testCal" time="0.000">
    <skipped/>
  </testcase> <!-- testCal -->
  <system-out/>
</testsuite> <!-- exercise_3.Test_03 -->
