<?xml version="1.0" encoding="UTF-8"?>
<!-- Generated by org.testng.reporters.JUnitReportReporter -->
<testsuite hostname="DESKTOP-TF745PI" failures="0" tests="2" name="test.Test_01" time="21.909" errors="0" timestamp="2022-02-23T20:46:47 ICT" skipped="0">
  <testcase classname="test.Test_01" name="testMethod" time="11.499"/>
  <system-out/>
  <testcase classname="test.Test_01" name="testMethod" time="10.410"/>
  <system-out/>
</testsuite> <!-- test.Test_01 -->
