<?xml version="1.0" encoding="UTF-8"?>
<!-- Generated by org.testng.reporters.JUnitReportReporter -->
<testsuite hostname="DESKTOP-TF745PI" failures="0" tests="2" name="test.TestGooglePage" time="22.080" errors="0" timestamp="2022-02-23T21:47:00 ICT" skipped="0">
  <testcase classname="test.TestGooglePage" name="testMethod" time="13.081"/>
  <system-out/>
  <testcase classname="test.TestGooglePage" name="testMethod" time="8.999"/>
  <system-out/>
</testsuite> <!-- test.TestGooglePage -->
