<?xml version="1.0" encoding="UTF-8"?>
<!-- Generated by org.testng.reporters.JUnitReportReporter -->
<testsuite hostname="DESKTOP-TF745PI" failures="0" tests="2" name="utiliti.DataProviderWithExcel_001" time="22.948" errors="0" timestamp="2021-10-09T10:19:23 ICT" skipped="0">
  <testcase classname="utiliti.DataProviderWithExcel_001" name="testMethod" time="12.019"/>
  <system-out/>
  <testcase classname="utiliti.DataProviderWithExcel_001" name="testMethod" time="10.929"/>
  <system-out/>
</testsuite> <!-- utiliti.DataProviderWithExcel_001 -->
