<?xml version="1.0" encoding="UTF-8"?>
<!-- Generated by org.testng.reporters.JUnitReportReporter -->
<testsuite hostname="DESKTOP-TF745PI" failures="0" tests="1" name="exercise_1.test.tesst" time="0.012" errors="0" timestamp="2021-10-08T19:29:01 ICT" skipped="0">
  <testcase classname="exercise_1.test.tesst" name="testDataProviderWithJson" time="0.012"/>
  <system-out/>
</testsuite> <!-- exercise_1.test.tesst -->
