<?xml version="1.0" encoding="UTF-8"?>
<!-- Generated by org.testng.reporters.JUnitReportReporter -->
<testsuite hostname="DESKTOP-TF745PI" failures="0" tests="2" name="test.tesst" time="50.440" errors="0" timestamp="2021-10-13T14:09:26 ICT" skipped="0">
  <testcase classname="test.tesst" name="test" time="25.286"/>
  <system-out/>
  <testcase classname="test.tesst" name="test" time="25.154"/>
  <system-out/>
</testsuite> <!-- test.tesst -->
