<?xml version="1.0" encoding="UTF-8"?>
<!-- Generated by org.testng.reporters.JUnitReportReporter -->
<testsuite hostname="DESKTOP-TF745PI" failures="0" tests="2" name="test.test06_07" time="50.376" errors="0" timestamp="2021-10-13T16:30:20 ICT" skipped="0">
  <testcase classname="test.test06_07" name="test" time="27.256"/>
  <system-out/>
  <testcase classname="test.test06_07" name="test" time="23.120"/>
  <system-out/>
</testsuite> <!-- test.test06_07 -->
