<?xml version="1.0" encoding="UTF-8"?>
<!-- Generated by org.testng.reporters.JUnitReportReporter -->
<testsuite hostname="DESKTOP-TF745PI" failures="0" tests="3" name="test.test03_04" time="67.367" errors="0" timestamp="2021-10-13T16:36:58 ICT" skipped="0">
  <testcase classname="test.test03_04" name="test" time="22.232"/>
  <system-out/>
  <testcase classname="test.test03_04" name="test" time="21.622"/>
  <system-out/>
  <testcase classname="test.test03_04" name="test" time="23.513"/>
  <system-out/>
</testsuite> <!-- test.test03_04 -->
