<?xml version="1.0" encoding="UTF-8"?>
<!-- Generated by org.testng.reporters.JUnitReportReporter -->
<testsuite hostname="DESKTOP-TF745PI" failures="0" tests="5" name="test.RunTest" time="262.177" errors="0" timestamp="2021-10-27T16:09:16 ICT" skipped="0">
  <testcase classname="test.RunTest" name="runScenario" time="54.842"/>
  <system-out/>
  <testcase classname="test.RunTest" name="runScenario" time="45.056"/>
  <system-out/>
  <testcase classname="test.RunTest" name="runScenario" time="42.013"/>
  <system-out/>
  <testcase classname="test.RunTest" name="runScenario" time="40.096"/>
  <system-out/>
  <testcase classname="test.RunTest" name="runScenario" time="80.170"/>
  <system-out/>
</testsuite> <!-- test.RunTest -->
