<?xml version="1.0" encoding="UTF-8"?>
<!-- Generated by org.testng.reporters.JUnitReportReporter -->
<testsuite hostname="DESKTOP-TF745PI" failures="0" tests="1" name="test.CreateNewCustomerTest" time="32.978" errors="0" timestamp="2021-10-15T18:11:33 ICT" skipped="0">
  <testcase classname="test.CreateNewCustomerTest" name="TC02" time="32.978"/>
  <system-out/>
</testsuite> <!-- test.CreateNewCustomerTest -->
