<?xml version="1.0" encoding="UTF-8"?>
<!-- Generated by org.testng.reporters.JUnitReportReporter -->
<testsuite hostname="DESKTOP-TF745PI" failures="0" tests="1" name="test.CreateNewCategoryTest" time="33.377" errors="0" timestamp="2021-10-15T14:35:12 ICT" skipped="0">
  <testcase classname="test.CreateNewCategoryTest" name="TC01" time="33.377"/>
  <system-out/>
</testsuite> <!-- test.CreateNewCategoryTest -->
